# JRE version: Java(TM) SE Runtime Environment (8.0_171-b11) (build 1.8.0_171-b11)
# Java VM: Java HotSpot(TM) Client VM (25.171-b11 mixed mode, sharing windows-x86 )
Heap:
 def new generation   total 18880K, used 3649K [0x04400000, 0x05870000, 0x09950000)
  eden space 16832K,  19% used [0x04400000, 0x047445f8, 0x05470000)
  from space 2048K,  14% used [0x05670000, 0x056bc070, 0x05870000)
  to   space 2048K,   0% used [0x05470000, 0x05470000, 0x05670000)
 tenured generation   total 41728K, used 40285K [0x09950000, 0x0c210000, 0x14400000)
   the space 41728K,  96% used [0x09950000, 0x0c0a7520, 0x0c0a7600, 0x0c210000)
 Metaspace       used 10079K, capacity 10865K, committed 10880K, reserved 11648K
GC Heap History (10 events):
Event: 13.856 GC heap before
{Heap before GC invocations=43 (full 3):
 def new generation   total 18880K, used 18880K [0x04400000, 0x05870000, 0x09950000)
  eden space 16832K, 100% used [0x04400000, 0x05470000, 0x05470000)
  from space 2048K, 100% used [0x05470000, 0x05670000, 0x05670000)
  to   space 2048K,   0% used [0x05670000, 0x05670000, 0x05870000)
 tenured generation   total 41728K, used 37042K [0x09950000, 0x0c210000, 0x14400000)
   the space 41728K,  88% used [0x09950000, 0x0bd7c9b8, 0x0bd7ca00, 0x0c210000)
 Metaspace       used 10069K, capacity 10858K, committed 10880K, reserved 11648K
Event: 13.859 GC heap after
Heap after GC invocations=44 (full 3):
 def new generation   total 18880K, used 815K [0x04400000, 0x05870000, 0x09950000)
  eden space 16832K,   0% used [0x04400000, 0x04400000, 0x05470000)
  from space 2048K,  39% used [0x05670000, 0x0573bd90, 0x05870000)
  to   space 2048K,   0% used [0x05470000, 0x05470000, 0x05670000)
 tenured generation   total 41728K, used 39031K [0x09950000, 0x0c210000, 0x14400000)
   the space 41728K,  93% used [0x09950000, 0x0bf6dcd8, 0x0bf6de00, 0x0c210000)
 Metaspace       used 10069K, capacity 10858K, committed 10880K, reserved 11648K
}
Event: 15.291 GC heap before
{Heap before GC invocations=44 (full 3):
 def new generation   total 18880K, used 17636K [0x04400000, 0x05870000, 0x09950000)
  eden space 16832K,  99% used [0x04400000, 0x0546d498, 0x05470000)
  from space 2048K,  39% used [0x05670000, 0x0573bd90, 0x05870000)
  to   space 2048K,   0% used [0x05470000, 0x05470000, 0x05670000)
 tenured generation   total 41728K, used 39031K [0x09950000, 0x0c210000, 0x14400000)
   the space 41728K,  93% used [0x09950000, 0x0bf6dcd8, 0x0bf6de00, 0x0c210000)
 Metaspace       used 10074K, capacity 10865K, committed 10880K, reserved 11648K
Event: 15.294 GC heap after
Heap after GC invocations=45 (full 3):
 def new generation   total 18880K, used 1599K [0x04400000, 0x05870000, 0x09950000)
  eden space 16832K,   0% used [0x04400000, 0x04400000, 0x05470000)
  from space 2048K,  78% used [0x05470000, 0x055ffdb0, 0x05670000)
  to   space 2048K,   0% used [0x05670000, 0x05670000, 0x05870000)
 tenured generation   total 41728K, used 39031K [0x09950000, 0x0c210000, 0x14400000)
   the space 41728K,  93% used [0x09950000, 0x0bf6dcd8, 0x0bf6de00, 0x0c210000)
 Metaspace       used 10074K, capacity 10865K, committed 10880K, reserved 11648K
}
Event: 16.329 GC heap before
{Heap before GC invocations=45 (full 3):
 def new generation   total 18880K, used 18431K [0x04400000, 0x05870000, 0x09950000)
  eden space 16832K, 100% used [0x04400000, 0x05470000, 0x05470000)
  from space 2048K,  78% used [0x05470000, 0x055ffdb0, 0x05670000)
  to   space 2048K,   0% used [0x05670000, 0x05670000, 0x05870000)
 tenured generation   total 41728K, used 39031K [0x09950000, 0x0c210000, 0x14400000)
   the space 41728K,  93% used [0x09950000, 0x0bf6dcd8, 0x0bf6de00, 0x0c210000)
 Metaspace       used 10075K, capacity 10865K, committed 10880K, reserved 11648K
Event: 16.331 GC heap after
Heap after GC invocations=46 (full 3):
 def new generation   total 18880K, used 1193K [0x04400000, 0x05870000, 0x09950000)
  eden space 16832K,   0% used [0x04400000, 0x04400000, 0x05470000)
  from space 2048K,  58% used [0x05670000, 0x0579a698, 0x05870000)
  to   space 2048K,   0% used [0x05470000, 0x05470000, 0x05670000)
 tenured generation   total 41728K, used 39700K [0x09950000, 0x0c210000, 0x14400000)
   the space 41728K,  95% used [0x09950000, 0x0c015230, 0x0c015400, 0x0c210000)
 Metaspace       used 10075K, capacity 10865K, committed 10880K, reserved 11648K
}
Event: 18.775 GC heap before
{Heap before GC invocations=46 (full 3):
 def new generation   total 18880K, used 18025K [0x04400000, 0x05870000, 0x09950000)
  eden space 16832K, 100% used [0x04400000, 0x05470000, 0x05470000)
  from space 2048K,  58% used [0x05670000, 0x0579a698, 0x05870000)
  to   space 2048K,   0% used [0x05470000, 0x05470000, 0x05670000)
 tenured generation   total 41728K, used 39700K [0x09950000, 0x0c210000, 0x14400000)
   the space 41728K,  95% used [0x09950000, 0x0c015230, 0x0c015400, 0x0c210000)
 Metaspace       used 10075K, capacity 10865K, committed 10880K, reserved 11648K
Event: 18.776 GC heap after
Heap after GC invocations=47 (full 3):
 def new generation   total 18880K, used 283K [0x04400000, 0x05870000, 0x09950000)
  eden space 16832K,   0% used [0x04400000, 0x04400000, 0x05470000)
  from space 2048K,  13% used [0x05470000, 0x054b6ce8, 0x05670000)
  to   space 2048K,   0% used [0x05670000, 0x05670000, 0x05870000)
 tenured generation   total 41728K, used 40285K [0x09950000, 0x0c210000, 0x14400000)
   the space 41728K,  96% used [0x09950000, 0x0c0a7520, 0x0c0a7600, 0x0c210000)
 Metaspace       used 10075K, capacity 10865K, committed 10880K, reserved 11648K
}
Event: 22.463 GC heap before
{Heap before GC invocations=47 (full 3):
 def new generation   total 18880K, used 17115K [0x04400000, 0x05870000, 0x09950000)
  eden space 16832K, 100% used [0x04400000, 0x05470000, 0x05470000)
  from space 2048K,  13% used [0x05470000, 0x054b6ce8, 0x05670000)
  to   space 2048K,   0% used [0x05670000, 0x05670000, 0x05870000)
 tenured generation   total 41728K, used 40285K [0x09950000, 0x0c210000, 0x14400000)
   the space 41728K,  96% used [0x09950000, 0x0c0a7520, 0x0c0a7600, 0x0c210000)
 Metaspace       used 10075K, capacity 10865K, committed 10880K, reserved 11648K
Event: 22.465 GC heap after
Heap after GC invocations=48 (full 3):
 def new generation   total 18880K, used 304K [0x04400000, 0x05870000, 0x09950000)
  eden space 16832K,   0% used [0x04400000, 0x04400000, 0x05470000)
  from space 2048K,  14% used [0x05670000, 0x056bc070, 0x05870000)
  to   space 2048K,   0% used [0x05470000, 0x05470000, 0x05670000)
 tenured generation   total 41728K, used 40285K [0x09950000, 0x0c210000, 0x14400000)
   the space 41728K,  96% used [0x09950000, 0x0c0a7520, 0x0c0a7600, 0x0c210000)
 Metaspace       used 10075K, capacity 10865K, committed 10880K, reserved 11648K
}

